0 verbose cli D:\node\node.exe D:\node\node_modules\npm\bin\npm-cli.js
1 info using npm@11.6.2
2 info using node@v24.12.0
3 silly config load:file:D:\node\node_modules\npm\npmrc
4 silly config load:file:D:\_작업폴더_codex\wms-api\.npmrc
5 silly config load:file:C:\Users\Kowinsblue\.npmrc
6 silly config load:file:C:\Users\Kowinsblue\AppData\Roaming\npm\etc\npmrc
7 verbose title npm install
8 verbose argv "install" "--cache" ".npm-cache"
9 verbose logfile logs-max:10 dir:D:\_작업폴더_codex\wms-api\.npm-cache\_logs\2026-02-14T08_37_50_807Z-
10 verbose logfile D:\_작업폴더_codex\wms-api\.npm-cache\_logs\2026-02-14T08_37_50_807Z-debug-0.log
11 silly logfile done cleaning log files
12 silly packumentCache heap:4496293888 maxSize:1124073472 maxEntrySize:562036736
13 silly idealTree buildDeps
14 silly fetch manifest dotenv@^16.4.5
15 silly packumentCache full:https://registry.npmjs.org/dotenv cache-miss
16 http fetch GET 200 https://registry.npmjs.org/dotenv 210ms (cache miss)
17 silly packumentCache full:https://registry.npmjs.org/dotenv set size:undefined disposed:false
18 silly fetch manifest express@^4.21.2
19 silly packumentCache full:https://registry.npmjs.org/express cache-miss
20 http fetch GET 200 https://registry.npmjs.org/express 324ms (cache miss)
21 silly packumentCache full:https://registry.npmjs.org/express set size:undefined disposed:false
22 silly fetch manifest mysql2@^3.11.3
23 silly packumentCache full:https://registry.npmjs.org/mysql2 cache-miss
24 http fetch GET 200 https://registry.npmjs.org/mysql2 33ms (cache miss)
25 silly packumentCache full:https://registry.npmjs.org/mysql2 set size:undefined disposed:false
26 silly placeDep ROOT dotenv@16.6.1 OK for: wms-api@1.0.0 want: ^16.4.5
27 silly placeDep ROOT express@4.22.1 OK for: wms-api@1.0.0 want: ^4.21.2
28 silly placeDep ROOT mysql2@3.17.1 OK for: wms-api@1.0.0 want: ^3.11.3
29 silly fetch manifest qs@~6.14.0
30 silly packumentCache full:https://registry.npmjs.org/qs cache-miss
31 silly fetch manifest depd@2.0.0
32 silly packumentCache full:https://registry.npmjs.org/depd cache-miss
33 silly fetch manifest etag@~1.8.1
34 silly packumentCache full:https://registry.npmjs.org/etag cache-miss
35 http fetch GET 200 https://registry.npmjs.org/qs 50ms (cache miss)
36 silly packumentCache full:https://registry.npmjs.org/qs set size:undefined disposed:false
37 silly fetch manifest send@~0.19.0
38 silly packumentCache full:https://registry.npmjs.org/send cache-miss
39 http fetch GET 200 https://registry.npmjs.org/depd 54ms (cache miss)
40 silly packumentCache full:https://registry.npmjs.org/depd set size:undefined disposed:false
41 silly fetch manifest vary@~1.1.2
42 silly packumentCache full:https://registry.npmjs.org/vary cache-miss
43 http fetch GET 200 https://registry.npmjs.org/etag 58ms (cache miss)
44 silly packumentCache full:https://registry.npmjs.org/etag set size:undefined disposed:false
45 silly fetch manifest debug@2.6.9
46 silly packumentCache full:https://registry.npmjs.org/debug cache-miss
47 http fetch GET 200 https://registry.npmjs.org/send 35ms (cache miss)
48 silly packumentCache full:https://registry.npmjs.org/send set size:undefined disposed:false
49 silly fetch manifest fresh@~0.5.2
50 silly packumentCache full:https://registry.npmjs.org/fresh cache-miss
51 http fetch GET 200 https://registry.npmjs.org/vary 42ms (cache miss)
52 silly packumentCache full:https://registry.npmjs.org/vary set size:undefined disposed:false
53 silly fetch manifest cookie@~0.7.1
54 silly packumentCache full:https://registry.npmjs.org/cookie cache-miss
55 http fetch GET 200 https://registry.npmjs.org/debug 41ms (cache miss)
56 silly packumentCache full:https://registry.npmjs.org/debug set size:undefined disposed:false
57 silly fetch manifest accepts@~1.3.8
58 silly packumentCache full:https://registry.npmjs.org/accepts cache-miss
59 http fetch GET 200 https://registry.npmjs.org/fresh 25ms (cache miss)
60 silly packumentCache full:https://registry.npmjs.org/fresh set size:undefined disposed:false
61 silly fetch manifest methods@~1.1.2
62 silly packumentCache full:https://registry.npmjs.org/methods cache-miss
63 http fetch GET 200 https://registry.npmjs.org/cookie 27ms (cache miss)
64 silly packumentCache full:https://registry.npmjs.org/cookie set size:undefined disposed:false
65 silly fetch manifest type-is@~1.6.18
66 silly packumentCache full:https://registry.npmjs.org/type-is cache-miss
67 http fetch GET 200 https://registry.npmjs.org/accepts 30ms (cache miss)
68 silly packumentCache full:https://registry.npmjs.org/accepts set size:undefined disposed:false
69 silly fetch manifest parseurl@~1.3.3
70 silly packumentCache full:https://registry.npmjs.org/parseurl cache-miss
71 http fetch GET 200 https://registry.npmjs.org/methods 26ms (cache miss)
72 silly packumentCache full:https://registry.npmjs.org/methods set size:undefined disposed:false
73 silly fetch manifest statuses@~2.0.1
74 silly packumentCache full:https://registry.npmjs.org/statuses cache-miss
75 http fetch GET 200 https://registry.npmjs.org/type-is 27ms (cache miss)
76 silly packumentCache full:https://registry.npmjs.org/type-is set size:undefined disposed:false
77 silly fetch manifest encodeurl@~2.0.0
78 silly packumentCache full:https://registry.npmjs.org/encodeurl cache-miss
79 http fetch GET 200 https://registry.npmjs.org/parseurl 27ms (cache miss)
80 silly packumentCache full:https://registry.npmjs.org/parseurl set size:undefined disposed:false
81 silly fetch manifest proxy-addr@~2.0.7
82 silly packumentCache full:https://registry.npmjs.org/proxy-addr cache-miss
83 http fetch GET 200 https://registry.npmjs.org/statuses 28ms (cache miss)
84 silly packumentCache full:https://registry.npmjs.org/statuses set size:undefined disposed:false
85 silly fetch manifest body-parser@~1.20.3
86 silly packumentCache full:https://registry.npmjs.org/body-parser cache-miss
87 http fetch GET 200 https://registry.npmjs.org/proxy-addr 30ms (cache miss)
88 silly packumentCache full:https://registry.npmjs.org/proxy-addr set size:undefined disposed:false
89 silly fetch manifest escape-html@~1.0.3
90 silly packumentCache full:https://registry.npmjs.org/escape-html cache-miss
91 http fetch GET 200 https://registry.npmjs.org/body-parser 38ms (cache miss)
92 silly packumentCache full:https://registry.npmjs.org/body-parser set size:undefined disposed:false
93 silly fetch manifest http-errors@~2.0.0
94 silly packumentCache full:https://registry.npmjs.org/http-errors cache-miss
95 http fetch GET 200 https://registry.npmjs.org/escape-html 27ms (cache miss)
96 silly packumentCache full:https://registry.npmjs.org/escape-html set size:undefined disposed:false
97 silly fetch manifest on-finished@~2.4.1
98 silly packumentCache full:https://registry.npmjs.org/on-finished cache-miss
99 http fetch GET 200 https://registry.npmjs.org/http-errors 23ms (cache miss)
100 silly packumentCache full:https://registry.npmjs.org/http-errors set size:undefined disposed:false
101 silly fetch manifest safe-buffer@5.2.1
102 silly packumentCache full:https://registry.npmjs.org/safe-buffer cache-miss
103 http fetch GET 200 https://registry.npmjs.org/on-finished 24ms (cache miss)
104 silly packumentCache full:https://registry.npmjs.org/on-finished set size:undefined disposed:false
105 silly fetch manifest utils-merge@1.0.1
106 silly packumentCache full:https://registry.npmjs.org/utils-merge cache-miss
107 http fetch GET 200 https://registry.npmjs.org/safe-buffer 27ms (cache miss)
108 silly packumentCache full:https://registry.npmjs.org/safe-buffer set size:undefined disposed:false
109 silly fetch manifest content-type@~1.0.4
110 silly packumentCache full:https://registry.npmjs.org/content-type cache-miss
111 http fetch GET 200 https://registry.npmjs.org/utils-merge 34ms (cache miss)
112 silly packumentCache full:https://registry.npmjs.org/utils-merge set size:undefined disposed:false
113 silly fetch manifest finalhandler@~1.3.1
114 silly packumentCache full:https://registry.npmjs.org/finalhandler cache-miss
115 http fetch GET 200 https://registry.npmjs.org/content-type 31ms (cache miss)
116 silly packumentCache full:https://registry.npmjs.org/content-type set size:undefined disposed:false
117 silly fetch manifest range-parser@~1.2.1
118 silly packumentCache full:https://registry.npmjs.org/range-parser cache-miss
119 http fetch GET 200 https://registry.npmjs.org/encodeurl 148ms (cache miss)
120 silly packumentCache full:https://registry.npmjs.org/encodeurl set size:undefined disposed:false
121 silly fetch manifest serve-static@~1.16.2
122 silly packumentCache full:https://registry.npmjs.org/serve-static cache-miss
123 http fetch GET 200 https://registry.npmjs.org/finalhandler 30ms (cache miss)
124 silly packumentCache full:https://registry.npmjs.org/finalhandler set size:undefined disposed:false
125 silly fetch manifest array-flatten@1.1.1
126 silly packumentCache full:https://registry.npmjs.org/array-flatten cache-miss
127 http fetch GET 200 https://registry.npmjs.org/range-parser 26ms (cache miss)
128 silly packumentCache full:https://registry.npmjs.org/range-parser set size:undefined disposed:false
129 silly fetch manifest path-to-regexp@~0.1.12
130 silly packumentCache full:https://registry.npmjs.org/path-to-regexp cache-miss
131 http fetch GET 200 https://registry.npmjs.org/serve-static 32ms (cache miss)
132 silly packumentCache full:https://registry.npmjs.org/serve-static set size:undefined disposed:false
133 silly fetch manifest setprototypeof@1.2.0
134 silly packumentCache full:https://registry.npmjs.org/setprototypeof cache-miss
135 http fetch GET 200 https://registry.npmjs.org/array-flatten 31ms (cache miss)
136 silly packumentCache full:https://registry.npmjs.org/array-flatten set size:undefined disposed:false
137 silly fetch manifest cookie-signature@~1.0.6
138 silly packumentCache full:https://registry.npmjs.org/cookie-signature cache-miss
139 http fetch GET 200 https://registry.npmjs.org/path-to-regexp 32ms (cache miss)
140 silly packumentCache full:https://registry.npmjs.org/path-to-regexp set size:undefined disposed:false
141 silly fetch manifest merge-descriptors@1.0.3
142 silly packumentCache full:https://registry.npmjs.org/merge-descriptors cache-miss
143 http fetch GET 200 https://registry.npmjs.org/cookie-signature 25ms (cache miss)
144 silly packumentCache full:https://registry.npmjs.org/cookie-signature set size:undefined disposed:false
145 silly fetch manifest content-disposition@~0.5.4
146 silly packumentCache full:https://registry.npmjs.org/content-disposition cache-miss
147 http fetch GET 200 https://registry.npmjs.org/setprototypeof 35ms (cache miss)
148 silly packumentCache full:https://registry.npmjs.org/setprototypeof set size:undefined disposed:false
149 silly fetch manifest aws-ssl-profiles@^1.1.2
150 silly packumentCache full:https://registry.npmjs.org/aws-ssl-profiles cache-miss
151 http fetch GET 200 https://registry.npmjs.org/merge-descriptors 27ms (cache miss)
152 silly packumentCache full:https://registry.npmjs.org/merge-descriptors set size:undefined disposed:false
153 silly fetch manifest denque@^2.1.0
154 silly packumentCache full:https://registry.npmjs.org/denque cache-miss
155 http fetch GET 200 https://registry.npmjs.org/content-disposition 27ms (cache miss)
156 silly packumentCache full:https://registry.npmjs.org/content-disposition set size:undefined disposed:false
157 silly fetch manifest generate-function@^2.3.1
158 silly packumentCache full:https://registry.npmjs.org/generate-function cache-miss
159 http fetch GET 200 https://registry.npmjs.org/aws-ssl-profiles 28ms (cache miss)
160 silly packumentCache full:https://registry.npmjs.org/aws-ssl-profiles set size:undefined disposed:false
161 silly fetch manifest iconv-lite@^0.7.2
162 silly packumentCache full:https://registry.npmjs.org/iconv-lite cache-miss
163 http fetch GET 200 https://registry.npmjs.org/denque 31ms (cache miss)
164 silly packumentCache full:https://registry.npmjs.org/denque set size:undefined disposed:false
165 silly fetch manifest long@^5.3.2
166 silly packumentCache full:https://registry.npmjs.org/long cache-miss
167 http fetch GET 200 https://registry.npmjs.org/iconv-lite 24ms (cache miss)
168 silly packumentCache full:https://registry.npmjs.org/iconv-lite set size:undefined disposed:false
169 silly fetch manifest lru.min@^1.1.3
170 silly packumentCache full:https://registry.npmjs.org/lru.min cache-miss
171 http fetch GET 200 https://registry.npmjs.org/generate-function 30ms (cache miss)
172 silly packumentCache full:https://registry.npmjs.org/generate-function set size:undefined disposed:false
173 silly fetch manifest named-placeholders@^1.1.6
174 silly packumentCache full:https://registry.npmjs.org/named-placeholders cache-miss
175 http fetch GET 200 https://registry.npmjs.org/long 26ms (cache miss)
176 silly packumentCache full:https://registry.npmjs.org/long set size:undefined disposed:false
177 silly fetch manifest seq-queue@^0.0.5
178 silly packumentCache full:https://registry.npmjs.org/seq-queue cache-miss
179 http fetch GET 200 https://registry.npmjs.org/named-placeholders 24ms (cache miss)
180 silly packumentCache full:https://registry.npmjs.org/named-placeholders set size:undefined disposed:false
181 silly fetch manifest sql-escaper@^1.3.2
182 silly packumentCache full:https://registry.npmjs.org/sql-escaper cache-miss
183 http fetch GET 200 https://registry.npmjs.org/lru.min 33ms (cache miss)
184 silly packumentCache full:https://registry.npmjs.org/lru.min set size:undefined disposed:false
185 http fetch GET 200 https://registry.npmjs.org/seq-queue 24ms (cache miss)
186 silly packumentCache full:https://registry.npmjs.org/seq-queue set size:undefined disposed:false
187 http fetch GET 200 https://registry.npmjs.org/sql-escaper 190ms (cache miss)
188 silly packumentCache full:https://registry.npmjs.org/sql-escaper set size:undefined disposed:false
189 silly placeDep ROOT accepts@1.3.8 OK for: express@4.22.1 want: ~1.3.8
190 silly placeDep ROOT array-flatten@1.1.1 OK for: express@4.22.1 want: 1.1.1
191 silly placeDep ROOT body-parser@1.20.4 OK for: express@4.22.1 want: ~1.20.3
192 silly placeDep ROOT content-disposition@0.5.4 OK for: express@4.22.1 want: ~0.5.4
193 silly placeDep ROOT content-type@1.0.5 OK for: express@4.22.1 want: ~1.0.4
194 silly placeDep ROOT cookie@0.7.2 OK for: express@4.22.1 want: ~0.7.1
195 silly placeDep ROOT cookie-signature@1.0.7 OK for: express@4.22.1 want: ~1.0.6
196 silly placeDep ROOT debug@2.6.9 OK for: express@4.22.1 want: 2.6.9
197 silly placeDep ROOT depd@2.0.0 OK for: express@4.22.1 want: 2.0.0
198 silly placeDep ROOT encodeurl@2.0.0 OK for: express@4.22.1 want: ~2.0.0
199 silly placeDep ROOT escape-html@1.0.3 OK for: express@4.22.1 want: ~1.0.3
200 silly placeDep ROOT etag@1.8.1 OK for: express@4.22.1 want: ~1.8.1
201 silly placeDep ROOT finalhandler@1.3.2 OK for: express@4.22.1 want: ~1.3.1
202 silly placeDep ROOT fresh@0.5.2 OK for: express@4.22.1 want: ~0.5.2
203 silly placeDep ROOT http-errors@2.0.1 OK for: express@4.22.1 want: ~2.0.0
204 silly placeDep ROOT merge-descriptors@1.0.3 OK for: express@4.22.1 want: 1.0.3
205 silly placeDep ROOT methods@1.1.2 OK for: express@4.22.1 want: ~1.1.2
206 silly placeDep ROOT on-finished@2.4.1 OK for: express@4.22.1 want: ~2.4.1
207 silly placeDep ROOT parseurl@1.3.3 OK for: express@4.22.1 want: ~1.3.3
208 silly placeDep ROOT path-to-regexp@0.1.12 OK for: express@4.22.1 want: ~0.1.12
209 silly placeDep ROOT proxy-addr@2.0.7 OK for: express@4.22.1 want: ~2.0.7
210 silly placeDep ROOT qs@6.14.2 OK for: express@4.22.1 want: ~6.14.0
211 silly placeDep ROOT range-parser@1.2.1 OK for: express@4.22.1 want: ~1.2.1
212 silly placeDep ROOT safe-buffer@5.2.1 OK for: express@4.22.1 want: 5.2.1
213 silly placeDep ROOT send@0.19.2 OK for: express@4.22.1 want: ~0.19.0
214 silly placeDep ROOT serve-static@1.16.3 OK for: express@4.22.1 want: ~1.16.2
215 silly placeDep ROOT setprototypeof@1.2.0 OK for: express@4.22.1 want: 1.2.0
216 silly placeDep ROOT statuses@2.0.2 OK for: express@4.22.1 want: ~2.0.1
217 silly placeDep ROOT type-is@1.6.18 OK for: express@4.22.1 want: ~1.6.18
218 silly placeDep ROOT utils-merge@1.0.1 OK for: express@4.22.1 want: 1.0.1
219 silly placeDep ROOT vary@1.1.2 OK for: express@4.22.1 want: ~1.1.2
220 silly fetch manifest mime-types@~2.1.34
221 silly packumentCache full:https://registry.npmjs.org/mime-types cache-miss
222 silly fetch manifest negotiator@0.6.3
223 silly packumentCache full:https://registry.npmjs.org/negotiator cache-miss
224 silly fetch manifest bytes@~3.1.2
225 silly packumentCache full:https://registry.npmjs.org/bytes cache-miss
226 http fetch GET 200 https://registry.npmjs.org/negotiator 24ms (cache miss)
227 silly packumentCache full:https://registry.npmjs.org/negotiator set size:undefined disposed:false
228 silly fetch manifest unpipe@~1.0.0
229 silly packumentCache full:https://registry.npmjs.org/unpipe cache-miss
230 http fetch GET 200 https://registry.npmjs.org/bytes 27ms (cache miss)
231 silly packumentCache full:https://registry.npmjs.org/bytes set size:undefined disposed:false
232 silly fetch manifest destroy@~1.2.0
233 silly packumentCache full:https://registry.npmjs.org/destroy cache-miss
234 http fetch GET 200 https://registry.npmjs.org/mime-types 39ms (cache miss)
235 silly packumentCache full:https://registry.npmjs.org/mime-types set size:undefined disposed:false
236 silly fetch manifest raw-body@~2.5.3
237 silly packumentCache full:https://registry.npmjs.org/raw-body cache-miss
238 http fetch GET 200 https://registry.npmjs.org/unpipe 30ms (cache miss)
239 silly packumentCache full:https://registry.npmjs.org/unpipe set size:undefined disposed:false
240 silly fetch manifest iconv-lite@~0.4.24
241 silly packumentCache full:https://registry.npmjs.org/iconv-lite cache-miss
242 http fetch GET 200 https://registry.npmjs.org/destroy 29ms (cache miss)
243 silly packumentCache full:https://registry.npmjs.org/destroy set size:undefined disposed:false
244 silly fetch manifest http-errors@~2.0.1
245 silly packumentCache full:https://registry.npmjs.org/http-errors cache-miss
246 http cache https://registry.npmjs.org/iconv-lite 11ms (cache hit)
247 silly packumentCache full:https://registry.npmjs.org/iconv-lite set size:120557 disposed:false
248 silly fetch manifest content-type@~1.0.5
249 silly packumentCache full:https://registry.npmjs.org/content-type cache-miss
250 http cache https://registry.npmjs.org/http-errors 16ms (cache hit)
251 silly packumentCache full:https://registry.npmjs.org/http-errors set size:71987 disposed:false
252 silly fetch manifest ms@2.0.0
253 silly packumentCache full:https://registry.npmjs.org/ms cache-miss
254 http cache https://registry.npmjs.org/content-type 11ms (cache hit)
255 silly packumentCache full:https://registry.npmjs.org/content-type set size:17311 disposed:false
256 silly fetch manifest statuses@~2.0.2
257 silly packumentCache full:https://registry.npmjs.org/statuses cache-miss
258 http fetch GET 200 https://registry.npmjs.org/raw-body 43ms (cache miss)
259 silly packumentCache full:https://registry.npmjs.org/raw-body set size:undefined disposed:false
260 silly fetch manifest inherits@~2.0.4
261 silly packumentCache full:https://registry.npmjs.org/inherits cache-miss
262 http cache https://registry.npmjs.org/statuses 7ms (cache hit)
263 silly packumentCache full:https://registry.npmjs.org/statuses set size:37117 disposed:false
264 silly fetch manifest setprototypeof@~1.2.0
265 silly packumentCache full:https://registry.npmjs.org/setprototypeof cache-miss
266 http cache https://registry.npmjs.org/setprototypeof 3ms (cache hit)
267 silly packumentCache full:https://registry.npmjs.org/setprototypeof set size:14532 disposed:false
268 silly fetch manifest toidentifier@~1.0.1
269 silly packumentCache full:https://registry.npmjs.org/toidentifier cache-miss
270 http fetch GET 200 https://registry.npmjs.org/ms 26ms (cache miss)
271 silly packumentCache full:https://registry.npmjs.org/ms set size:undefined disposed:false
272 silly fetch manifest ee-first@1.1.1
273 silly packumentCache full:https://registry.npmjs.org/ee-first cache-miss
274 http fetch GET 200 https://registry.npmjs.org/inherits 27ms (cache miss)
275 silly packumentCache full:https://registry.npmjs.org/inherits set size:undefined disposed:false
276 silly fetch manifest forwarded@0.2.0
277 silly packumentCache full:https://registry.npmjs.org/forwarded cache-miss
278 http fetch GET 200 https://registry.npmjs.org/toidentifier 26ms (cache miss)
279 silly packumentCache full:https://registry.npmjs.org/toidentifier set size:undefined disposed:false
280 silly fetch manifest ipaddr.js@1.9.1
281 silly packumentCache full:https://registry.npmjs.org/ipaddr.js cache-miss
282 http fetch GET 200 https://registry.npmjs.org/forwarded 24ms (cache miss)
283 silly packumentCache full:https://registry.npmjs.org/forwarded set size:undefined disposed:false
284 silly fetch manifest side-channel@^1.1.0
285 silly packumentCache full:https://registry.npmjs.org/side-channel cache-miss
286 http fetch GET 200 https://registry.npmjs.org/ipaddr.js 24ms (cache miss)
287 silly packumentCache full:https://registry.npmjs.org/ipaddr.js set size:undefined disposed:false
288 silly fetch manifest ms@2.1.3
289 silly packumentCache full:https://registry.npmjs.org/ms cache-miss
290 http cache https://registry.npmjs.org/ms 3ms (cache hit)
291 silly packumentCache full:https://registry.npmjs.org/ms set size:92208 disposed:false
292 silly fetch manifest mime@1.6.0
293 silly packumentCache full:https://registry.npmjs.org/mime cache-miss
294 http fetch GET 200 https://registry.npmjs.org/ee-first 53ms (cache miss)
295 silly packumentCache full:https://registry.npmjs.org/ee-first set size:undefined disposed:false
296 silly fetch manifest destroy@1.2.0
297 silly packumentCache full:https://registry.npmjs.org/destroy cache-miss
298 http cache https://registry.npmjs.org/destroy 3ms (cache hit)
299 silly packumentCache full:https://registry.npmjs.org/destroy set size:15738 disposed:false
300 silly fetch manifest mime-types@~2.1.24
301 silly packumentCache full:https://registry.npmjs.org/mime-types cache-miss
302 http cache https://registry.npmjs.org/mime-types 3ms (cache hit)
303 silly packumentCache full:https://registry.npmjs.org/mime-types set size:139110 disposed:false
304 silly fetch manifest media-typer@0.3.0
305 silly packumentCache full:https://registry.npmjs.org/media-typer cache-miss
306 http fetch GET 200 https://registry.npmjs.org/side-channel 36ms (cache miss)
307 silly packumentCache full:https://registry.npmjs.org/side-channel set size:undefined disposed:false
308 http fetch GET 200 https://registry.npmjs.org/mime 28ms (cache miss)
309 silly packumentCache full:https://registry.npmjs.org/mime set size:undefined disposed:false
310 http fetch GET 200 https://registry.npmjs.org/media-typer 28ms (cache miss)
311 silly packumentCache full:https://registry.npmjs.org/media-typer set size:undefined disposed:false
312 silly placeDep ROOT mime-types@2.1.35 OK for: accepts@1.3.8 want: ~2.1.34
313 silly placeDep ROOT negotiator@0.6.3 OK for: accepts@1.3.8 want: 0.6.3
314 silly fetch manifest mime-db@1.52.0
315 silly packumentCache full:https://registry.npmjs.org/mime-db cache-miss
316 http fetch GET 200 https://registry.npmjs.org/mime-db 24ms (cache miss)
317 silly packumentCache full:https://registry.npmjs.org/mime-db set size:undefined disposed:false
318 silly placeDep ROOT bytes@3.1.2 OK for: body-parser@1.20.4 want: ~3.1.2
319 silly placeDep ROOT destroy@1.2.0 OK for: body-parser@1.20.4 want: ~1.2.0
320 silly placeDep ROOT iconv-lite@0.4.24 OK for: body-parser@1.20.4 want: ~0.4.24
321 silly placeDep ROOT raw-body@2.5.3 OK for: body-parser@1.20.4 want: ~2.5.3
322 silly placeDep ROOT unpipe@1.0.0 OK for: body-parser@1.20.4 want: ~1.0.0
323 silly fetch manifest safer-buffer@>= 2.1.2 < 3
324 silly packumentCache full:https://registry.npmjs.org/safer-buffer cache-miss
325 http fetch GET 200 https://registry.npmjs.org/safer-buffer 24ms (cache miss)
326 silly packumentCache full:https://registry.npmjs.org/safer-buffer set size:undefined disposed:false
327 silly placeDep ROOT ms@2.0.0 OK for: debug@2.6.9 want: 2.0.0
328 silly placeDep ROOT inherits@2.0.4 OK for: http-errors@2.0.1 want: ~2.0.4
329 silly placeDep ROOT toidentifier@1.0.1 OK for: http-errors@2.0.1 want: ~1.0.1
330 silly placeDep ROOT safer-buffer@2.1.2 OK for: iconv-lite@0.4.24 want: >= 2.1.2 < 3
331 silly placeDep ROOT mime-db@1.52.0 OK for: mime-types@2.1.35 want: 1.52.0
332 silly placeDep ROOT aws-ssl-profiles@1.1.2 OK for: mysql2@3.17.1 want: ^1.1.2
333 silly placeDep ROOT denque@2.1.0 OK for: mysql2@3.17.1 want: ^2.1.0
334 silly placeDep ROOT generate-function@2.3.1 OK for: mysql2@3.17.1 want: ^2.3.1
335 silly placeDep node_modules/mysql2 iconv-lite@0.7.2 OK for: mysql2@3.17.1 want: ^0.7.2
336 silly placeDep ROOT long@5.3.2 OK for: mysql2@3.17.1 want: ^5.3.2
337 silly placeDep ROOT lru.min@1.1.4 OK for: mysql2@3.17.1 want: ^1.1.3
338 silly placeDep ROOT named-placeholders@1.1.6 OK for: mysql2@3.17.1 want: ^1.1.6
339 silly placeDep ROOT seq-queue@0.0.5 OK for: mysql2@3.17.1 want: ^0.0.5
340 silly placeDep ROOT sql-escaper@1.3.2 OK for: mysql2@3.17.1 want: ^1.3.2
341 silly fetch manifest is-property@^1.0.2
342 silly packumentCache full:https://registry.npmjs.org/is-property cache-miss
343 http fetch GET 200 https://registry.npmjs.org/is-property 24ms (cache miss)
344 silly packumentCache full:https://registry.npmjs.org/is-property set size:undefined disposed:false
345 silly placeDep ROOT is-property@1.0.2 OK for: generate-function@2.3.1 want: ^1.0.2
346 silly placeDep ROOT ee-first@1.1.1 OK for: on-finished@2.4.1 want: 1.1.1
347 silly placeDep ROOT forwarded@0.2.0 OK for: proxy-addr@2.0.7 want: 0.2.0
348 silly placeDep ROOT ipaddr.js@1.9.1 OK for: proxy-addr@2.0.7 want: 1.9.1
349 silly placeDep ROOT side-channel@1.1.0 OK for: qs@6.14.2 want: ^1.1.0
350 silly fetch manifest es-errors@^1.3.0
351 silly packumentCache full:https://registry.npmjs.org/es-errors cache-miss
352 silly fetch manifest object-inspect@^1.13.3
353 silly packumentCache full:https://registry.npmjs.org/object-inspect cache-miss
354 silly fetch manifest side-channel-list@^1.0.0
355 silly packumentCache full:https://registry.npmjs.org/side-channel-list cache-miss
356 http fetch GET 200 https://registry.npmjs.org/es-errors 24ms (cache miss)
357 silly packumentCache full:https://registry.npmjs.org/es-errors set size:undefined disposed:false
358 silly fetch manifest side-channel-map@^1.0.1
359 silly packumentCache full:https://registry.npmjs.org/side-channel-map cache-miss
360 http fetch GET 200 https://registry.npmjs.org/side-channel-list 34ms (cache miss)
361 silly packumentCache full:https://registry.npmjs.org/side-channel-list set size:undefined disposed:false
362 silly fetch manifest side-channel-weakmap@^1.0.2
363 silly packumentCache full:https://registry.npmjs.org/side-channel-weakmap cache-miss
364 http fetch GET 200 https://registry.npmjs.org/object-inspect 41ms (cache miss)
365 silly packumentCache full:https://registry.npmjs.org/object-inspect set size:undefined disposed:false
366 http fetch GET 200 https://registry.npmjs.org/side-channel-map 27ms (cache miss)
367 silly packumentCache full:https://registry.npmjs.org/side-channel-map set size:undefined disposed:false
368 http fetch GET 200 https://registry.npmjs.org/side-channel-weakmap 32ms (cache miss)
369 silly packumentCache full:https://registry.npmjs.org/side-channel-weakmap set size:undefined disposed:false
370 silly placeDep ROOT mime@1.6.0 OK for: send@0.19.2 want: 1.6.0
371 silly placeDep node_modules/send ms@2.1.3 OK for: send@0.19.2 want: 2.1.3
372 silly placeDep ROOT es-errors@1.3.0 OK for: side-channel@1.1.0 want: ^1.3.0
373 silly placeDep ROOT object-inspect@1.13.4 OK for: side-channel@1.1.0 want: ^1.13.3
374 silly placeDep ROOT side-channel-list@1.0.0 OK for: side-channel@1.1.0 want: ^1.0.0
375 silly placeDep ROOT side-channel-map@1.0.1 OK for: side-channel@1.1.0 want: ^1.0.1
376 silly placeDep ROOT side-channel-weakmap@1.0.2 OK for: side-channel@1.1.0 want: ^1.0.2
377 silly fetch manifest call-bound@^1.0.2
378 silly packumentCache full:https://registry.npmjs.org/call-bound cache-miss
379 silly fetch manifest get-intrinsic@^1.2.5
380 silly packumentCache full:https://registry.npmjs.org/get-intrinsic cache-miss
381 silly fetch manifest call-bound@^1.0.2
382 silly packumentCache full:https://registry.npmjs.org/call-bound cache-miss
383 http fetch GET 200 https://registry.npmjs.org/call-bound 20ms (cache miss)
384 silly packumentCache full:https://registry.npmjs.org/call-bound set size:undefined disposed:false
385 silly fetch manifest get-intrinsic@^1.2.5
386 silly packumentCache full:https://registry.npmjs.org/get-intrinsic cache-miss
387 http fetch GET 200 https://registry.npmjs.org/get-intrinsic 25ms (cache miss)
388 silly packumentCache full:https://registry.npmjs.org/get-intrinsic set size:undefined disposed:false
389 http fetch GET 200 https://registry.npmjs.org/call-bound 34ms (cache miss)
390 silly packumentCache full:https://registry.npmjs.org/call-bound set size:undefined disposed:false
391 http fetch GET 200 https://registry.npmjs.org/get-intrinsic 22ms (cache miss)
392 silly packumentCache full:https://registry.npmjs.org/get-intrinsic set size:undefined disposed:false
393 silly placeDep ROOT call-bound@1.0.4 OK for: side-channel-map@1.0.1 want: ^1.0.2
394 silly placeDep ROOT get-intrinsic@1.3.0 OK for: side-channel-map@1.0.1 want: ^1.2.5
395 silly fetch manifest call-bind-apply-helpers@^1.0.2
396 silly packumentCache full:https://registry.npmjs.org/call-bind-apply-helpers cache-miss
397 silly fetch manifest get-intrinsic@^1.3.0
398 silly packumentCache full:https://registry.npmjs.org/get-intrinsic cache-miss
399 silly fetch manifest gopd@^1.2.0
400 silly packumentCache full:https://registry.npmjs.org/gopd cache-miss
401 http cache https://registry.npmjs.org/get-intrinsic 10ms (cache hit)
402 silly packumentCache full:https://registry.npmjs.org/get-intrinsic set size:60985 disposed:false
403 silly fetch manifest hasown@^2.0.2
404 silly packumentCache full:https://registry.npmjs.org/hasown cache-miss
405 http fetch GET 200 https://registry.npmjs.org/call-bind-apply-helpers 25ms (cache miss)
406 silly packumentCache full:https://registry.npmjs.org/call-bind-apply-helpers set size:undefined disposed:false
407 silly fetch manifest get-proto@^1.0.1
408 silly packumentCache full:https://registry.npmjs.org/get-proto cache-miss
409 http fetch GET 200 https://registry.npmjs.org/gopd 28ms (cache miss)
410 silly packumentCache full:https://registry.npmjs.org/gopd set size:undefined disposed:false
411 silly fetch manifest has-symbols@^1.1.0
412 silly packumentCache full:https://registry.npmjs.org/has-symbols cache-miss
413 http fetch GET 200 https://registry.npmjs.org/hasown 24ms (cache miss)
414 silly packumentCache full:https://registry.npmjs.org/hasown set size:undefined disposed:false
415 silly fetch manifest function-bind@^1.1.2
416 silly packumentCache full:https://registry.npmjs.org/function-bind cache-miss
417 http fetch GET 200 https://registry.npmjs.org/get-proto 23ms (cache miss)
418 silly packumentCache full:https://registry.npmjs.org/get-proto set size:undefined disposed:false
419 silly fetch manifest es-object-atoms@^1.1.1
420 silly packumentCache full:https://registry.npmjs.org/es-object-atoms cache-miss
421 http fetch GET 200 https://registry.npmjs.org/has-symbols 27ms (cache miss)
422 silly packumentCache full:https://registry.npmjs.org/has-symbols set size:undefined disposed:false
423 silly fetch manifest math-intrinsics@^1.1.0
424 silly packumentCache full:https://registry.npmjs.org/math-intrinsics cache-miss
425 http fetch GET 200 https://registry.npmjs.org/function-bind 27ms (cache miss)
426 silly packumentCache full:https://registry.npmjs.org/function-bind set size:undefined disposed:false
427 silly fetch manifest es-define-property@^1.0.1
428 silly packumentCache full:https://registry.npmjs.org/es-define-property cache-miss
429 http fetch GET 200 https://registry.npmjs.org/math-intrinsics 24ms (cache miss)
430 silly packumentCache full:https://registry.npmjs.org/math-intrinsics set size:undefined disposed:false
431 http fetch GET 200 https://registry.npmjs.org/es-object-atoms 33ms (cache miss)
432 silly packumentCache full:https://registry.npmjs.org/es-object-atoms set size:undefined disposed:false
433 http fetch GET 200 https://registry.npmjs.org/es-define-property 25ms (cache miss)
434 silly packumentCache full:https://registry.npmjs.org/es-define-property set size:undefined disposed:false
435 silly placeDep ROOT call-bind-apply-helpers@1.0.2 OK for: call-bound@1.0.4 want: ^1.0.2
436 silly placeDep ROOT function-bind@1.1.2 OK for: call-bind-apply-helpers@1.0.2 want: ^1.1.2
437 silly placeDep ROOT es-define-property@1.0.1 OK for: get-intrinsic@1.3.0 want: ^1.0.1
438 silly placeDep ROOT es-object-atoms@1.1.1 OK for: get-intrinsic@1.3.0 want: ^1.1.1
439 silly placeDep ROOT get-proto@1.0.1 OK for: get-intrinsic@1.3.0 want: ^1.0.1
440 silly placeDep ROOT gopd@1.2.0 OK for: get-intrinsic@1.3.0 want: ^1.2.0
441 silly placeDep ROOT has-symbols@1.1.0 OK for: get-intrinsic@1.3.0 want: ^1.1.0
442 silly placeDep ROOT hasown@2.0.2 OK for: get-intrinsic@1.3.0 want: ^2.0.2
443 silly placeDep ROOT math-intrinsics@1.1.0 OK for: get-intrinsic@1.3.0 want: ^1.1.0
444 silly fetch manifest dunder-proto@^1.0.1
445 silly packumentCache full:https://registry.npmjs.org/dunder-proto cache-miss
446 http fetch GET 200 https://registry.npmjs.org/dunder-proto 26ms (cache miss)
447 silly packumentCache full:https://registry.npmjs.org/dunder-proto set size:undefined disposed:false
448 silly placeDep ROOT dunder-proto@1.0.1 OK for: get-proto@1.0.1 want: ^1.0.1
449 silly placeDep ROOT media-typer@0.3.0 OK for: type-is@1.6.18 want: 0.3.0
450 silly reify moves {}
451 silly audit bulk request {
451 silly audit   dotenv: [ '16.6.1' ],
451 silly audit   express: [ '4.22.1' ],
451 silly audit   mysql2: [ '3.17.1' ],
451 silly audit   accepts: [ '1.3.8' ],
451 silly audit   'array-flatten': [ '1.1.1' ],
451 silly audit   'body-parser': [ '1.20.4' ],
451 silly audit   'content-disposition': [ '0.5.4' ],
451 silly audit   'content-type': [ '1.0.5' ],
451 silly audit   cookie: [ '0.7.2' ],
451 silly audit   'cookie-signature': [ '1.0.7' ],
451 silly audit   debug: [ '2.6.9' ],
451 silly audit   depd: [ '2.0.0' ],
451 silly audit   encodeurl: [ '2.0.0' ],
451 silly audit   'escape-html': [ '1.0.3' ],
451 silly audit   etag: [ '1.8.1' ],
451 silly audit   finalhandler: [ '1.3.2' ],
451 silly audit   fresh: [ '0.5.2' ],
451 silly audit   'http-errors': [ '2.0.1' ],
451 silly audit   'merge-descriptors': [ '1.0.3' ],
451 silly audit   methods: [ '1.1.2' ],
451 silly audit   'on-finished': [ '2.4.1' ],
451 silly audit   parseurl: [ '1.3.3' ],
451 silly audit   'path-to-regexp': [ '0.1.12' ],
451 silly audit   'proxy-addr': [ '2.0.7' ],
451 silly audit   qs: [ '6.14.2' ],
451 silly audit   'range-parser': [ '1.2.1' ],
451 silly audit   'safe-buffer': [ '5.2.1' ],
451 silly audit   send: [ '0.19.2' ],
451 silly audit   'serve-static': [ '1.16.3' ],
451 silly audit   setprototypeof: [ '1.2.0' ],
451 silly audit   statuses: [ '2.0.2' ],
451 silly audit   'type-is': [ '1.6.18' ],
451 silly audit   'utils-merge': [ '1.0.1' ],
451 silly audit   vary: [ '1.1.2' ],
451 silly audit   'mime-types': [ '2.1.35' ],
451 silly audit   negotiator: [ '0.6.3' ],
451 silly audit   bytes: [ '3.1.2' ],
451 silly audit   destroy: [ '1.2.0' ],
451 silly audit   'iconv-lite': [ '0.4.24', '0.7.2' ],
451 silly audit   'raw-body': [ '2.5.3' ],
451 silly audit   unpipe: [ '1.0.0' ],
451 silly audit   ms: [ '2.0.0', '2.1.3' ],
451 silly audit   inherits: [ '2.0.4' ],
451 silly audit   toidentifier: [ '1.0.1' ],
451 silly audit   'safer-buffer': [ '2.1.2' ],
451 silly audit   'mime-db': [ '1.52.0' ],
451 silly audit   'aws-ssl-profiles': [ '1.1.2' ],
451 silly audit   denque: [ '2.1.0' ],
451 silly audit   'generate-function': [ '2.3.1' ],
451 silly audit   long: [ '5.3.2' ],
451 silly audit   'lru.min': [ '1.1.4' ],
451 silly audit   'named-placeholders': [ '1.1.6' ],
451 silly audit   'seq-queue': [ '0.0.5' ],
451 silly audit   'sql-escaper': [ '1.3.2' ],
451 silly audit   'is-property': [ '1.0.2' ],
451 silly audit   'ee-first': [ '1.1.1' ],
451 silly audit   forwarded: [ '0.2.0' ],
451 silly audit   'ipaddr.js': [ '1.9.1' ],
451 silly audit   'side-channel': [ '1.1.0' ],
451 silly audit   mime: [ '1.6.0' ],
451 silly audit   'es-errors': [ '1.3.0' ],
451 silly audit   'object-inspect': [ '1.13.4' ],
451 silly audit   'side-channel-list': [ '1.0.0' ],
451 silly audit   'side-channel-map': [ '1.0.1' ],
451 silly audit   'side-channel-weakmap': [ '1.0.2' ],
451 silly audit   'call-bound': [ '1.0.4' ],
451 silly audit   'get-intrinsic': [ '1.3.0' ],
451 silly audit   'call-bind-apply-helpers': [ '1.0.2' ],
451 silly audit   'function-bind': [ '1.1.2' ],
451 silly audit   'es-define-property': [ '1.0.1' ],
451 silly audit   'es-object-atoms': [ '1.1.1' ],
451 silly audit   'get-proto': [ '1.0.1' ],
451 silly audit   gopd: [ '1.2.0' ],
451 silly audit   'has-symbols': [ '1.1.0' ],
451 silly audit   hasown: [ '2.0.2' ],
451 silly audit   'math-intrinsics': [ '1.1.0' ],
451 silly audit   'dunder-proto': [ '1.0.1' ],
451 silly audit   'media-typer': [ '0.3.0' ]
451 silly audit }
452 http cache dunder-proto@https://registry.npmjs.org/dunder-proto/-/dunder-proto-1.0.1.tgz 1ms (cache hit)
453 http cache media-typer@https://registry.npmjs.org/media-typer/-/media-typer-0.3.0.tgz 0ms (cache hit)
454 http cache math-intrinsics@https://registry.npmjs.org/math-intrinsics/-/math-intrinsics-1.1.0.tgz 0ms (cache hit)
455 http cache hasown@https://registry.npmjs.org/hasown/-/hasown-2.0.2.tgz 0ms (cache hit)
456 http cache has-symbols@https://registry.npmjs.org/has-symbols/-/has-symbols-1.1.0.tgz 0ms (cache hit)
457 http cache gopd@https://registry.npmjs.org/gopd/-/gopd-1.2.0.tgz 0ms (cache hit)
458 http cache get-proto@https://registry.npmjs.org/get-proto/-/get-proto-1.0.1.tgz 0ms (cache hit)
459 http cache es-object-atoms@https://registry.npmjs.org/es-object-atoms/-/es-object-atoms-1.1.1.tgz 0ms (cache hit)
460 http cache es-define-property@https://registry.npmjs.org/es-define-property/-/es-define-property-1.0.1.tgz 0ms (cache hit)
461 http cache function-bind@https://registry.npmjs.org/function-bind/-/function-bind-1.1.2.tgz 0ms (cache hit)
462 http cache call-bind-apply-helpers@https://registry.npmjs.org/call-bind-apply-helpers/-/call-bind-apply-helpers-1.0.2.tgz 0ms (cache hit)
463 http cache get-intrinsic@https://registry.npmjs.org/get-intrinsic/-/get-intrinsic-1.3.0.tgz 0ms (cache hit)
464 http cache call-bound@https://registry.npmjs.org/call-bound/-/call-bound-1.0.4.tgz 0ms (cache hit)
465 http cache side-channel-weakmap@https://registry.npmjs.org/side-channel-weakmap/-/side-channel-weakmap-1.0.2.tgz 0ms (cache hit)
466 http cache side-channel-map@https://registry.npmjs.org/side-channel-map/-/side-channel-map-1.0.1.tgz 0ms (cache hit)
467 http cache side-channel-list@https://registry.npmjs.org/side-channel-list/-/side-channel-list-1.0.0.tgz 0ms (cache hit)
468 http cache es-errors@https://registry.npmjs.org/es-errors/-/es-errors-1.3.0.tgz 0ms (cache hit)
469 http cache mime@https://registry.npmjs.org/mime/-/mime-1.6.0.tgz 0ms (cache hit)
470 http cache side-channel@https://registry.npmjs.org/side-channel/-/side-channel-1.1.0.tgz 0ms (cache hit)
471 http cache ipaddr.js@https://registry.npmjs.org/ipaddr.js/-/ipaddr.js-1.9.1.tgz 0ms (cache hit)
472 http cache forwarded@https://registry.npmjs.org/forwarded/-/forwarded-0.2.0.tgz 0ms (cache hit)
473 http cache ee-first@https://registry.npmjs.org/ee-first/-/ee-first-1.1.1.tgz 0ms (cache hit)
474 http cache is-property@https://registry.npmjs.org/is-property/-/is-property-1.0.2.tgz 0ms (cache hit)
475 http cache sql-escaper@https://registry.npmjs.org/sql-escaper/-/sql-escaper-1.3.2.tgz 0ms (cache hit)
476 http cache seq-queue@https://registry.npmjs.org/seq-queue/-/seq-queue-0.0.5.tgz 0ms (cache hit)
477 http cache object-inspect@https://registry.npmjs.org/object-inspect/-/object-inspect-1.13.4.tgz 0ms (cache hit)
478 http cache long@https://registry.npmjs.org/long/-/long-5.3.2.tgz 0ms (cache hit)
479 http cache named-placeholders@https://registry.npmjs.org/named-placeholders/-/named-placeholders-1.1.6.tgz 0ms (cache hit)
480 http cache generate-function@https://registry.npmjs.org/generate-function/-/generate-function-2.3.1.tgz 0ms (cache hit)
481 http cache denque@https://registry.npmjs.org/denque/-/denque-2.1.0.tgz 0ms (cache hit)
482 http cache aws-ssl-profiles@https://registry.npmjs.org/aws-ssl-profiles/-/aws-ssl-profiles-1.1.2.tgz 0ms (cache hit)
483 http cache safer-buffer@https://registry.npmjs.org/safer-buffer/-/safer-buffer-2.1.2.tgz 0ms (cache hit)
484 http cache mime-db@https://registry.npmjs.org/mime-db/-/mime-db-1.52.0.tgz 0ms (cache hit)
485 http cache lru.min@https://registry.npmjs.org/lru.min/-/lru.min-1.1.4.tgz 0ms (cache hit)
486 http cache toidentifier@https://registry.npmjs.org/toidentifier/-/toidentifier-1.0.1.tgz 0ms (cache hit)
487 http cache inherits@https://registry.npmjs.org/inherits/-/inherits-2.0.4.tgz 0ms (cache hit)
488 http cache ms@https://registry.npmjs.org/ms/-/ms-2.0.0.tgz 0ms (cache hit)
489 http cache unpipe@https://registry.npmjs.org/unpipe/-/unpipe-1.0.0.tgz 0ms (cache hit)
490 http cache raw-body@https://registry.npmjs.org/raw-body/-/raw-body-2.5.3.tgz 0ms (cache hit)
491 http cache iconv-lite@https://registry.npmjs.org/iconv-lite/-/iconv-lite-0.4.24.tgz 0ms (cache hit)
492 http cache destroy@https://registry.npmjs.org/destroy/-/destroy-1.2.0.tgz 0ms (cache hit)
493 http cache bytes@https://registry.npmjs.org/bytes/-/bytes-3.1.2.tgz 0ms (cache hit)
494 http cache negotiator@https://registry.npmjs.org/negotiator/-/negotiator-0.6.3.tgz 0ms (cache hit)
495 http cache mime-types@https://registry.npmjs.org/mime-types/-/mime-types-2.1.35.tgz 0ms (cache hit)
496 http cache vary@https://registry.npmjs.org/vary/-/vary-1.1.2.tgz 0ms (cache hit)
497 http cache utils-merge@https://registry.npmjs.org/utils-merge/-/utils-merge-1.0.1.tgz 0ms (cache hit)
498 http cache type-is@https://registry.npmjs.org/type-is/-/type-is-1.6.18.tgz 0ms (cache hit)
499 http cache statuses@https://registry.npmjs.org/statuses/-/statuses-2.0.2.tgz 0ms (cache hit)
500 http cache serve-static@https://registry.npmjs.org/serve-static/-/serve-static-1.16.3.tgz 0ms (cache hit)
501 http cache setprototypeof@https://registry.npmjs.org/setprototypeof/-/setprototypeof-1.2.0.tgz 0ms (cache hit)
502 http cache send@https://registry.npmjs.org/send/-/send-0.19.2.tgz 0ms (cache hit)
503 http cache safe-buffer@https://registry.npmjs.org/safe-buffer/-/safe-buffer-5.2.1.tgz 0ms (cache hit)
504 http cache range-parser@https://registry.npmjs.org/range-parser/-/range-parser-1.2.1.tgz 0ms (cache hit)
505 http cache qs@https://registry.npmjs.org/qs/-/qs-6.14.2.tgz 0ms (cache hit)
506 http cache proxy-addr@https://registry.npmjs.org/proxy-addr/-/proxy-addr-2.0.7.tgz 0ms (cache hit)
507 http cache path-to-regexp@https://registry.npmjs.org/path-to-regexp/-/path-to-regexp-0.1.12.tgz 0ms (cache hit)
508 http cache parseurl@https://registry.npmjs.org/parseurl/-/parseurl-1.3.3.tgz 0ms (cache hit)
509 http cache on-finished@https://registry.npmjs.org/on-finished/-/on-finished-2.4.1.tgz 0ms (cache hit)
510 http cache methods@https://registry.npmjs.org/methods/-/methods-1.1.2.tgz 0ms (cache hit)
511 http cache merge-descriptors@https://registry.npmjs.org/merge-descriptors/-/merge-descriptors-1.0.3.tgz 0ms (cache hit)
512 http cache http-errors@https://registry.npmjs.org/http-errors/-/http-errors-2.0.1.tgz 0ms (cache hit)
513 http cache fresh@https://registry.npmjs.org/fresh/-/fresh-0.5.2.tgz 0ms (cache hit)
514 http cache finalhandler@https://registry.npmjs.org/finalhandler/-/finalhandler-1.3.2.tgz 0ms (cache hit)
515 http cache etag@https://registry.npmjs.org/etag/-/etag-1.8.1.tgz 0ms (cache hit)
516 http cache escape-html@https://registry.npmjs.org/escape-html/-/escape-html-1.0.3.tgz 1ms (cache hit)
517 http cache encodeurl@https://registry.npmjs.org/encodeurl/-/encodeurl-2.0.0.tgz 0ms (cache hit)
518 http cache depd@https://registry.npmjs.org/depd/-/depd-2.0.0.tgz 0ms (cache hit)
519 http cache debug@https://registry.npmjs.org/debug/-/debug-2.6.9.tgz 0ms (cache hit)
520 http cache cookie-signature@https://registry.npmjs.org/cookie-signature/-/cookie-signature-1.0.7.tgz 0ms (cache hit)
521 http cache cookie@https://registry.npmjs.org/cookie/-/cookie-0.7.2.tgz 0ms (cache hit)
522 http cache content-type@https://registry.npmjs.org/content-type/-/content-type-1.0.5.tgz 0ms (cache hit)
523 http cache content-disposition@https://registry.npmjs.org/content-disposition/-/content-disposition-0.5.4.tgz 0ms (cache hit)
524 http cache body-parser@https://registry.npmjs.org/body-parser/-/body-parser-1.20.4.tgz 0ms (cache hit)
525 http cache array-flatten@https://registry.npmjs.org/array-flatten/-/array-flatten-1.1.1.tgz 0ms (cache hit)
526 http cache accepts@https://registry.npmjs.org/accepts/-/accepts-1.3.8.tgz 0ms (cache hit)
527 http cache mysql2@https://registry.npmjs.org/mysql2/-/mysql2-3.17.1.tgz 0ms (cache hit)
528 http cache express@https://registry.npmjs.org/express/-/express-4.22.1.tgz 0ms (cache hit)
529 http cache dotenv@https://registry.npmjs.org/dotenv/-/dotenv-16.6.1.tgz 0ms (cache hit)
530 http cache ms@https://registry.npmjs.org/ms/-/ms-2.1.3.tgz 0ms (cache hit)
531 http cache iconv-lite@https://registry.npmjs.org/iconv-lite/-/iconv-lite-0.7.2.tgz 0ms (cache hit)
532 silly tarball no local data for dunder-proto@https://registry.npmjs.org/dunder-proto/-/dunder-proto-1.0.1.tgz. Extracting by manifest.
533 silly tarball no local data for media-typer@https://registry.npmjs.org/media-typer/-/media-typer-0.3.0.tgz. Extracting by manifest.
534 silly tarball no local data for math-intrinsics@https://registry.npmjs.org/math-intrinsics/-/math-intrinsics-1.1.0.tgz. Extracting by manifest.
535 silly tarball no local data for hasown@https://registry.npmjs.org/hasown/-/hasown-2.0.2.tgz. Extracting by manifest.
536 silly tarball no local data for has-symbols@https://registry.npmjs.org/has-symbols/-/has-symbols-1.1.0.tgz. Extracting by manifest.
537 silly tarball no local data for gopd@https://registry.npmjs.org/gopd/-/gopd-1.2.0.tgz. Extracting by manifest.
538 silly tarball no local data for get-proto@https://registry.npmjs.org/get-proto/-/get-proto-1.0.1.tgz. Extracting by manifest.
539 silly tarball no local data for es-object-atoms@https://registry.npmjs.org/es-object-atoms/-/es-object-atoms-1.1.1.tgz. Extracting by manifest.
540 silly tarball no local data for es-define-property@https://registry.npmjs.org/es-define-property/-/es-define-property-1.0.1.tgz. Extracting by manifest.
541 silly tarball no local data for function-bind@https://registry.npmjs.org/function-bind/-/function-bind-1.1.2.tgz. Extracting by manifest.
542 silly tarball no local data for call-bind-apply-helpers@https://registry.npmjs.org/call-bind-apply-helpers/-/call-bind-apply-helpers-1.0.2.tgz. Extracting by manifest.
543 silly tarball no local data for get-intrinsic@https://registry.npmjs.org/get-intrinsic/-/get-intrinsic-1.3.0.tgz. Extracting by manifest.
544 silly tarball no local data for call-bound@https://registry.npmjs.org/call-bound/-/call-bound-1.0.4.tgz. Extracting by manifest.
545 silly tarball no local data for side-channel-weakmap@https://registry.npmjs.org/side-channel-weakmap/-/side-channel-weakmap-1.0.2.tgz. Extracting by manifest.
546 silly tarball no local data for side-channel-map@https://registry.npmjs.org/side-channel-map/-/side-channel-map-1.0.1.tgz. Extracting by manifest.
547 silly tarball no local data for side-channel-list@https://registry.npmjs.org/side-channel-list/-/side-channel-list-1.0.0.tgz. Extracting by manifest.
548 silly tarball no local data for es-errors@https://registry.npmjs.org/es-errors/-/es-errors-1.3.0.tgz. Extracting by manifest.
549 silly tarball no local data for mime@https://registry.npmjs.org/mime/-/mime-1.6.0.tgz. Extracting by manifest.
550 silly tarball no local data for side-channel@https://registry.npmjs.org/side-channel/-/side-channel-1.1.0.tgz. Extracting by manifest.
551 silly tarball no local data for ipaddr.js@https://registry.npmjs.org/ipaddr.js/-/ipaddr.js-1.9.1.tgz. Extracting by manifest.
552 silly tarball no local data for forwarded@https://registry.npmjs.org/forwarded/-/forwarded-0.2.0.tgz. Extracting by manifest.
553 silly tarball no local data for ee-first@https://registry.npmjs.org/ee-first/-/ee-first-1.1.1.tgz. Extracting by manifest.
554 silly tarball no local data for is-property@https://registry.npmjs.org/is-property/-/is-property-1.0.2.tgz. Extracting by manifest.
555 silly tarball no local data for sql-escaper@https://registry.npmjs.org/sql-escaper/-/sql-escaper-1.3.2.tgz. Extracting by manifest.
556 silly tarball no local data for seq-queue@https://registry.npmjs.org/seq-queue/-/seq-queue-0.0.5.tgz. Extracting by manifest.
557 silly tarball no local data for object-inspect@https://registry.npmjs.org/object-inspect/-/object-inspect-1.13.4.tgz. Extracting by manifest.
558 silly tarball no local data for long@https://registry.npmjs.org/long/-/long-5.3.2.tgz. Extracting by manifest.
559 silly tarball no local data for named-placeholders@https://registry.npmjs.org/named-placeholders/-/named-placeholders-1.1.6.tgz. Extracting by manifest.
560 silly tarball no local data for generate-function@https://registry.npmjs.org/generate-function/-/generate-function-2.3.1.tgz. Extracting by manifest.
561 silly tarball no local data for denque@https://registry.npmjs.org/denque/-/denque-2.1.0.tgz. Extracting by manifest.
562 silly tarball no local data for aws-ssl-profiles@https://registry.npmjs.org/aws-ssl-profiles/-/aws-ssl-profiles-1.1.2.tgz. Extracting by manifest.
563 silly tarball no local data for safer-buffer@https://registry.npmjs.org/safer-buffer/-/safer-buffer-2.1.2.tgz. Extracting by manifest.
564 silly tarball no local data for mime-db@https://registry.npmjs.org/mime-db/-/mime-db-1.52.0.tgz. Extracting by manifest.
565 silly tarball no local data for lru.min@https://registry.npmjs.org/lru.min/-/lru.min-1.1.4.tgz. Extracting by manifest.
566 silly tarball no local data for toidentifier@https://registry.npmjs.org/toidentifier/-/toidentifier-1.0.1.tgz. Extracting by manifest.
567 silly tarball no local data for inherits@https://registry.npmjs.org/inherits/-/inherits-2.0.4.tgz. Extracting by manifest.
568 silly tarball no local data for ms@https://registry.npmjs.org/ms/-/ms-2.0.0.tgz. Extracting by manifest.
569 silly tarball no local data for unpipe@https://registry.npmjs.org/unpipe/-/unpipe-1.0.0.tgz. Extracting by manifest.
570 silly tarball no local data for raw-body@https://registry.npmjs.org/raw-body/-/raw-body-2.5.3.tgz. Extracting by manifest.
571 silly tarball no local data for iconv-lite@https://registry.npmjs.org/iconv-lite/-/iconv-lite-0.4.24.tgz. Extracting by manifest.
572 silly tarball no local data for destroy@https://registry.npmjs.org/destroy/-/destroy-1.2.0.tgz. Extracting by manifest.
573 silly tarball no local data for bytes@https://registry.npmjs.org/bytes/-/bytes-3.1.2.tgz. Extracting by manifest.
574 silly tarball no local data for negotiator@https://registry.npmjs.org/negotiator/-/negotiator-0.6.3.tgz. Extracting by manifest.
575 silly tarball no local data for mime-types@https://registry.npmjs.org/mime-types/-/mime-types-2.1.35.tgz. Extracting by manifest.
576 silly tarball no local data for vary@https://registry.npmjs.org/vary/-/vary-1.1.2.tgz. Extracting by manifest.
577 silly tarball no local data for utils-merge@https://registry.npmjs.org/utils-merge/-/utils-merge-1.0.1.tgz. Extracting by manifest.
578 silly tarball no local data for type-is@https://registry.npmjs.org/type-is/-/type-is-1.6.18.tgz. Extracting by manifest.
579 silly tarball no local data for statuses@https://registry.npmjs.org/statuses/-/statuses-2.0.2.tgz. Extracting by manifest.
580 silly tarball no local data for serve-static@https://registry.npmjs.org/serve-static/-/serve-static-1.16.3.tgz. Extracting by manifest.
581 silly tarball no local data for setprototypeof@https://registry.npmjs.org/setprototypeof/-/setprototypeof-1.2.0.tgz. Extracting by manifest.
582 silly tarball no local data for send@https://registry.npmjs.org/send/-/send-0.19.2.tgz. Extracting by manifest.
583 silly tarball no local data for safe-buffer@https://registry.npmjs.org/safe-buffer/-/safe-buffer-5.2.1.tgz. Extracting by manifest.
584 silly tarball no local data for range-parser@https://registry.npmjs.org/range-parser/-/range-parser-1.2.1.tgz. Extracting by manifest.
585 silly tarball no local data for qs@https://registry.npmjs.org/qs/-/qs-6.14.2.tgz. Extracting by manifest.
586 silly tarball no local data for proxy-addr@https://registry.npmjs.org/proxy-addr/-/proxy-addr-2.0.7.tgz. Extracting by manifest.
587 silly tarball no local data for path-to-regexp@https://registry.npmjs.org/path-to-regexp/-/path-to-regexp-0.1.12.tgz. Extracting by manifest.
588 silly tarball no local data for parseurl@https://registry.npmjs.org/parseurl/-/parseurl-1.3.3.tgz. Extracting by manifest.
589 silly tarball no local data for on-finished@https://registry.npmjs.org/on-finished/-/on-finished-2.4.1.tgz. Extracting by manifest.
590 silly tarball no local data for methods@https://registry.npmjs.org/methods/-/methods-1.1.2.tgz. Extracting by manifest.
591 silly tarball no local data for merge-descriptors@https://registry.npmjs.org/merge-descriptors/-/merge-descriptors-1.0.3.tgz. Extracting by manifest.
592 silly tarball no local data for http-errors@https://registry.npmjs.org/http-errors/-/http-errors-2.0.1.tgz. Extracting by manifest.
593 silly tarball no local data for fresh@https://registry.npmjs.org/fresh/-/fresh-0.5.2.tgz. Extracting by manifest.
594 silly tarball no local data for finalhandler@https://registry.npmjs.org/finalhandler/-/finalhandler-1.3.2.tgz. Extracting by manifest.
595 silly tarball no local data for etag@https://registry.npmjs.org/etag/-/etag-1.8.1.tgz. Extracting by manifest.
596 silly tarball no local data for escape-html@https://registry.npmjs.org/escape-html/-/escape-html-1.0.3.tgz. Extracting by manifest.
597 silly tarball no local data for encodeurl@https://registry.npmjs.org/encodeurl/-/encodeurl-2.0.0.tgz. Extracting by manifest.
598 silly tarball no local data for depd@https://registry.npmjs.org/depd/-/depd-2.0.0.tgz. Extracting by manifest.
599 silly tarball no local data for debug@https://registry.npmjs.org/debug/-/debug-2.6.9.tgz. Extracting by manifest.
600 silly tarball no local data for cookie-signature@https://registry.npmjs.org/cookie-signature/-/cookie-signature-1.0.7.tgz. Extracting by manifest.
601 silly tarball no local data for cookie@https://registry.npmjs.org/cookie/-/cookie-0.7.2.tgz. Extracting by manifest.
602 silly tarball no local data for content-type@https://registry.npmjs.org/content-type/-/content-type-1.0.5.tgz. Extracting by manifest.
603 silly tarball no local data for content-disposition@https://registry.npmjs.org/content-disposition/-/content-disposition-0.5.4.tgz. Extracting by manifest.
604 silly tarball no local data for body-parser@https://registry.npmjs.org/body-parser/-/body-parser-1.20.4.tgz. Extracting by manifest.
605 silly tarball no local data for array-flatten@https://registry.npmjs.org/array-flatten/-/array-flatten-1.1.1.tgz. Extracting by manifest.
606 silly tarball no local data for accepts@https://registry.npmjs.org/accepts/-/accepts-1.3.8.tgz. Extracting by manifest.
607 silly tarball no local data for mysql2@https://registry.npmjs.org/mysql2/-/mysql2-3.17.1.tgz. Extracting by manifest.
608 silly tarball no local data for express@https://registry.npmjs.org/express/-/express-4.22.1.tgz. Extracting by manifest.
609 silly tarball no local data for dotenv@https://registry.npmjs.org/dotenv/-/dotenv-16.6.1.tgz. Extracting by manifest.
610 silly tarball no local data for ms@https://registry.npmjs.org/ms/-/ms-2.1.3.tgz. Extracting by manifest.
611 silly tarball no local data for iconv-lite@https://registry.npmjs.org/iconv-lite/-/iconv-lite-0.7.2.tgz. Extracting by manifest.
612 http fetch GET 200 https://registry.npmjs.org/dunder-proto/-/dunder-proto-1.0.1.tgz 141ms (cache miss)
613 http fetch POST 200 https://registry.npmjs.org/-/npm/v1/security/advisories/bulk 177ms
614 silly audit report {}
615 http fetch GET 200 https://registry.npmjs.org/media-typer/-/media-typer-0.3.0.tgz 142ms (cache miss)
616 http fetch GET 200 https://registry.npmjs.org/side-channel-map/-/side-channel-map-1.0.1.tgz 157ms (cache miss)
617 http fetch GET 200 https://registry.npmjs.org/es-errors/-/es-errors-1.3.0.tgz 436ms (cache miss)
618 http fetch GET 200 https://registry.npmjs.org/side-channel/-/side-channel-1.1.0.tgz 436ms (cache miss)
619 http fetch GET 200 https://registry.npmjs.org/forwarded/-/forwarded-0.2.0.tgz 718ms (cache miss)
620 http fetch GET 200 https://registry.npmjs.org/inherits/-/inherits-2.0.4.tgz 778ms (cache miss)
621 http fetch GET 200 https://registry.npmjs.org/denque/-/denque-2.1.0.tgz 792ms (cache miss)
622 http fetch GET 200 https://registry.npmjs.org/is-property/-/is-property-1.0.2.tgz 804ms (cache miss)
623 http fetch GET 200 https://registry.npmjs.org/utils-merge/-/utils-merge-1.0.1.tgz 801ms (cache miss)
624 http fetch GET 200 https://registry.npmjs.org/ee-first/-/ee-first-1.1.1.tgz 823ms (cache miss)
625 http fetch GET 200 https://registry.npmjs.org/named-placeholders/-/named-placeholders-1.1.6.tgz 820ms (cache miss)
626 http fetch GET 200 https://registry.npmjs.org/ms/-/ms-2.0.0.tgz 816ms (cache miss)
627 http fetch GET 200 https://registry.npmjs.org/destroy/-/destroy-1.2.0.tgz 815ms (cache miss)
628 http fetch GET 200 https://registry.npmjs.org/toidentifier/-/toidentifier-1.0.1.tgz 847ms (cache miss)
629 http fetch GET 200 https://registry.npmjs.org/unpipe/-/unpipe-1.0.0.tgz 846ms (cache miss)
630 http fetch GET 200 https://registry.npmjs.org/statuses/-/statuses-2.0.2.tgz 842ms (cache miss)
631 http fetch GET 200 https://registry.npmjs.org/mime-types/-/mime-types-2.1.35.tgz 849ms (cache miss)
632 http fetch GET 200 https://registry.npmjs.org/path-to-regexp/-/path-to-regexp-0.1.12.tgz 855ms (cache miss)
633 http fetch GET 200 https://registry.npmjs.org/cookie-signature/-/cookie-signature-1.0.7.tgz 860ms (cache miss)
634 http fetch GET 200 https://registry.npmjs.org/cookie/-/cookie-0.7.2.tgz 877ms (cache miss)
635 http fetch GET 200 https://registry.npmjs.org/encodeurl/-/encodeurl-2.0.0.tgz 885ms (cache miss)
636 http fetch GET 200 https://registry.npmjs.org/vary/-/vary-1.1.2.tgz 896ms (cache miss)
637 http fetch GET 200 https://registry.npmjs.org/bytes/-/bytes-3.1.2.tgz 898ms (cache miss)
638 http fetch GET 200 https://registry.npmjs.org/raw-body/-/raw-body-2.5.3.tgz 906ms (cache miss)
639 http fetch GET 200 https://registry.npmjs.org/finalhandler/-/finalhandler-1.3.2.tgz 896ms (cache miss)
640 http fetch GET 200 https://registry.npmjs.org/setprototypeof/-/setprototypeof-1.2.0.tgz 915ms (cache miss)
641 http fetch GET 200 https://registry.npmjs.org/parseurl/-/parseurl-1.3.3.tgz 922ms (cache miss)
642 http fetch GET 200 https://registry.npmjs.org/etag/-/etag-1.8.1.tgz 920ms (cache miss)
643 http fetch GET 200 https://registry.npmjs.org/fresh/-/fresh-0.5.2.tgz 922ms (cache miss)
644 http fetch GET 200 https://registry.npmjs.org/array-flatten/-/array-flatten-1.1.1.tgz 922ms (cache miss)
645 http fetch GET 200 https://registry.npmjs.org/range-parser/-/range-parser-1.2.1.tgz 934ms (cache miss)
646 http fetch GET 200 https://registry.npmjs.org/type-is/-/type-is-1.6.18.tgz 942ms (cache miss)
647 http fetch GET 200 https://registry.npmjs.org/escape-html/-/escape-html-1.0.3.tgz 936ms (cache miss)
648 http fetch GET 200 https://registry.npmjs.org/merge-descriptors/-/merge-descriptors-1.0.3.tgz 940ms (cache miss)
649 http fetch GET 200 https://registry.npmjs.org/generate-function/-/generate-function-2.3.1.tgz 965ms (cache miss)
650 http fetch GET 200 https://registry.npmjs.org/methods/-/methods-1.1.2.tgz 949ms (cache miss)
651 http fetch GET 200 https://registry.npmjs.org/accepts/-/accepts-1.3.8.tgz 942ms (cache miss)
652 http fetch GET 200 https://registry.npmjs.org/ms/-/ms-2.1.3.tgz 952ms (cache miss)
653 http fetch GET 200 https://registry.npmjs.org/side-channel-list/-/side-channel-list-1.0.0.tgz 990ms (cache miss)
654 http fetch GET 200 https://registry.npmjs.org/content-type/-/content-type-1.0.5.tgz 961ms (cache miss)
655 http fetch GET 200 https://registry.npmjs.org/ipaddr.js/-/ipaddr.js-1.9.1.tgz 1027ms (cache miss)
656 http fetch GET 200 https://registry.npmjs.org/on-finished/-/on-finished-2.4.1.tgz 1010ms (cache miss)
657 http fetch GET 200 https://registry.npmjs.org/mime/-/mime-1.6.0.tgz 1098ms (cache miss)
658 http fetch GET 200 https://registry.npmjs.org/lru.min/-/lru.min-1.1.4.tgz 1091ms (cache miss)
659 http fetch GET 200 https://registry.npmjs.org/proxy-addr/-/proxy-addr-2.0.7.tgz 1084ms (cache miss)
660 http fetch GET 200 https://registry.npmjs.org/es-define-property/-/es-define-property-1.0.1.tgz 1117ms (cache miss)
661 http fetch GET 200 https://registry.npmjs.org/serve-static/-/serve-static-1.16.3.tgz 1093ms (cache miss)
662 http fetch GET 200 https://registry.npmjs.org/content-disposition/-/content-disposition-0.5.4.tgz 1083ms (cache miss)
663 http fetch GET 200 https://registry.npmjs.org/http-errors/-/http-errors-2.0.1.tgz 1089ms (cache miss)
664 http fetch GET 200 https://registry.npmjs.org/hasown/-/hasown-2.0.2.tgz 1126ms (cache miss)
665 http fetch GET 200 https://registry.npmjs.org/safe-buffer/-/safe-buffer-5.2.1.tgz 1113ms (cache miss)
666 http fetch GET 200 https://registry.npmjs.org/depd/-/depd-2.0.0.tgz 1105ms (cache miss)
667 http fetch GET 200 https://registry.npmjs.org/gopd/-/gopd-1.2.0.tgz 1145ms (cache miss)
668 http fetch GET 200 https://registry.npmjs.org/side-channel-weakmap/-/side-channel-weakmap-1.0.2.tgz 1141ms (cache miss)
669 http fetch GET 200 https://registry.npmjs.org/send/-/send-0.19.2.tgz 1124ms (cache miss)
670 http fetch GET 200 https://registry.npmjs.org/sql-escaper/-/sql-escaper-1.3.2.tgz 1151ms (cache miss)
671 http fetch GET 200 https://registry.npmjs.org/call-bound/-/call-bound-1.0.4.tgz 1162ms (cache miss)
672 http fetch GET 200 https://registry.npmjs.org/seq-queue/-/seq-queue-0.0.5.tgz 1161ms (cache miss)
673 http fetch GET 200 https://registry.npmjs.org/get-intrinsic/-/get-intrinsic-1.3.0.tgz 1169ms (cache miss)
674 http fetch GET 200 https://registry.npmjs.org/safer-buffer/-/safer-buffer-2.1.2.tgz 1166ms (cache miss)
675 http fetch GET 200 https://registry.npmjs.org/function-bind/-/function-bind-1.1.2.tgz 1183ms (cache miss)
676 http fetch GET 200 https://registry.npmjs.org/mime-db/-/mime-db-1.52.0.tgz 1171ms (cache miss)
677 http fetch GET 200 https://registry.npmjs.org/get-proto/-/get-proto-1.0.1.tgz 1191ms (cache miss)
678 http fetch GET 200 https://registry.npmjs.org/negotiator/-/negotiator-0.6.3.tgz 1175ms (cache miss)
679 http fetch GET 200 https://registry.npmjs.org/es-object-atoms/-/es-object-atoms-1.1.1.tgz 1204ms (cache miss)
680 http fetch GET 200 https://registry.npmjs.org/long/-/long-5.3.2.tgz 1218ms (cache miss)
681 http fetch GET 200 https://registry.npmjs.org/has-symbols/-/has-symbols-1.1.0.tgz 1246ms (cache miss)
682 http fetch GET 200 https://registry.npmjs.org/call-bind-apply-helpers/-/call-bind-apply-helpers-1.0.2.tgz 1250ms (cache miss)
683 http fetch GET 200 https://registry.npmjs.org/dotenv/-/dotenv-16.6.1.tgz 1213ms (cache miss)
684 http fetch GET 200 https://registry.npmjs.org/debug/-/debug-2.6.9.tgz 1229ms (cache miss)
685 http fetch GET 200 https://registry.npmjs.org/aws-ssl-profiles/-/aws-ssl-profiles-1.1.2.tgz 1253ms (cache miss)
686 http fetch GET 200 https://registry.npmjs.org/body-parser/-/body-parser-1.20.4.tgz 1230ms (cache miss)
687 http fetch GET 200 https://registry.npmjs.org/qs/-/qs-6.14.2.tgz 1266ms (cache miss)
688 http fetch GET 200 https://registry.npmjs.org/express/-/express-4.22.1.tgz 1261ms (cache miss)
689 http fetch GET 200 https://registry.npmjs.org/math-intrinsics/-/math-intrinsics-1.1.0.tgz 1306ms (cache miss)
690 http fetch GET 200 https://registry.npmjs.org/object-inspect/-/object-inspect-1.13.4.tgz 1318ms (cache miss)
691 http fetch GET 200 https://registry.npmjs.org/iconv-lite/-/iconv-lite-0.4.24.tgz 1321ms (cache miss)
692 http fetch GET 200 https://registry.npmjs.org/iconv-lite/-/iconv-lite-0.7.2.tgz 1303ms (cache miss)
693 http fetch GET 200 https://registry.npmjs.org/mysql2/-/mysql2-3.17.1.tgz 1432ms (cache miss)
694 silly ADD node_modules/media-typer
695 silly ADD node_modules/dunder-proto
696 silly ADD node_modules/math-intrinsics
697 silly ADD node_modules/hasown
698 silly ADD node_modules/has-symbols
699 silly ADD node_modules/gopd
700 silly ADD node_modules/get-proto
701 silly ADD node_modules/es-object-atoms
702 silly ADD node_modules/es-define-property
703 silly ADD node_modules/function-bind
704 silly ADD node_modules/call-bind-apply-helpers
705 silly ADD node_modules/get-intrinsic
706 silly ADD node_modules/call-bound
707 silly ADD node_modules/side-channel-weakmap
708 silly ADD node_modules/side-channel-map
709 silly ADD node_modules/side-channel-list
710 silly ADD node_modules/object-inspect
711 silly ADD node_modules/es-errors
712 silly ADD node_modules/mime
713 silly ADD node_modules/side-channel
714 silly ADD node_modules/ipaddr.js
715 silly ADD node_modules/forwarded
716 silly ADD node_modules/ee-first
717 silly ADD node_modules/is-property
718 silly ADD node_modules/sql-escaper
719 silly ADD node_modules/seq-queue
720 silly ADD node_modules/named-placeholders
721 silly ADD node_modules/lru.min
722 silly ADD node_modules/long
723 silly ADD node_modules/generate-function
724 silly ADD node_modules/denque
725 silly ADD node_modules/aws-ssl-profiles
726 silly ADD node_modules/mime-db
727 silly ADD node_modules/safer-buffer
728 silly ADD node_modules/toidentifier
729 silly ADD node_modules/inherits
730 silly ADD node_modules/ms
731 silly ADD node_modules/unpipe
732 silly ADD node_modules/raw-body
733 silly ADD node_modules/iconv-lite
734 silly ADD node_modules/destroy
735 silly ADD node_modules/bytes
736 silly ADD node_modules/negotiator
737 silly ADD node_modules/mime-types
738 silly ADD node_modules/vary
739 silly ADD node_modules/utils-merge
740 silly ADD node_modules/type-is
741 silly ADD node_modules/statuses
742 silly ADD node_modules/setprototypeof
743 silly ADD node_modules/serve-static
744 silly ADD node_modules/send
745 silly ADD node_modules/send/node_modules/ms
746 silly ADD node_modules/safe-buffer
747 silly ADD node_modules/range-parser
748 silly ADD node_modules/qs
749 silly ADD node_modules/proxy-addr
750 silly ADD node_modules/path-to-regexp
751 silly ADD node_modules/parseurl
752 silly ADD node_modules/on-finished
753 silly ADD node_modules/methods
754 silly ADD node_modules/merge-descriptors
755 silly ADD node_modules/http-errors
756 silly ADD node_modules/fresh
757 silly ADD node_modules/finalhandler
758 silly ADD node_modules/etag
759 silly ADD node_modules/escape-html
760 silly ADD node_modules/encodeurl
761 silly ADD node_modules/depd
762 silly ADD node_modules/debug
763 silly ADD node_modules/cookie-signature
764 silly ADD node_modules/cookie
765 silly ADD node_modules/content-type
766 silly ADD node_modules/content-disposition
767 silly ADD node_modules/body-parser
768 silly ADD node_modules/array-flatten
769 silly ADD node_modules/accepts
770 silly ADD node_modules/mysql2
771 silly ADD node_modules/mysql2/node_modules/iconv-lite
772 silly ADD node_modules/express
773 silly ADD node_modules/dotenv
774 verbose cwd D:\_작업폴더_codex\wms-api
775 verbose os Windows_NT 10.0.22631
776 verbose node v24.12.0
777 verbose npm  v11.6.2
778 verbose exit 0
779 info ok
